<?xml version="1.0" encoding="UTF-8"?>
<!-- Generated by org.testng.reporters.JUnitReportReporter -->
<testsuite skipped="0" hostname="DESKTOP-6NI868R" name="tests.LoginTest" tests="2" failures="0" timestamp="13 Apr 2020 11:01:25 GMT" time="52.206" errors="0">
  <testcase name="loginTest" time="30.832" classname="tests.LoginTest"/>
  <testcase name="dilogBoxValidationTest" time="21.374" classname="tests.LoginTest"/>
</testsuite> <!-- tests.LoginTest -->
